<?xml version="1.0" encoding="UTF-8"?>
<!-- Generated by org.testng.reporters.JUnitReportReporter -->
<testsuite skipped="0" hostname="QAE2PDAKFE" name="com.se.playground.GoogleTest" tests="1" failures="0" timestamp="2022-06-04T16:38:41 IST" time="9.183" errors="0">
  <testcase name="login" time="9.183" classname="com.se.playground.GoogleTest"/>
  <system-out/>
</testsuite> <!-- com.se.playground.GoogleTest -->
