<?xml version="1.0" encoding="UTF-8"?>
<!-- Generated by org.testng.reporters.JUnitReportReporter -->
<testsuite skipped="0" hostname="QAE2PDAKFE" name="com.noon.qe.tests.GoogleTest" tests="1" failures="0" timestamp="2022-05-21T18:19:48 IST" time="4.901" errors="0">
  <testcase name="login" time="4.901" classname="com.noon.qe.tests.GoogleTest"/>
  <system-out/>
</testsuite> <!-- com.noon.qe.tests.GoogleTest -->
