<?xml version="1.0" encoding="UTF-8"?>
<!-- Generated by org.testng.reporters.JUnitReportReporter -->
<testsuite skipped="0" hostname="QAE2PDAKFE" name="com.java.playground.ArrayDemo" tests="1" failures="0" timestamp="2022-05-28T13:50:17 IST" time="0.008" errors="0">
  <testcase name="displayArray2" time="0.008" classname="com.java.playground.ArrayDemo"/>
  <system-out/>
</testsuite> <!-- com.java.playground.ArrayDemo -->
