<?xml version="1.0" encoding="UTF-8"?>
<!-- Generated by org.testng.reporters.JUnitReportReporter -->
<testsuite skipped="0" hostname="QAE2PDAKFE" name="com.google.runner.TestRunner" tests="4" failures="0" timestamp="2022-06-29T20:37:00 IST" time="109.357" errors="0">
  <testcase name="runScenario" time="26.499" classname="com.google.runner.TestRunner"/>
  <system-out/>
  <testcase name="runScenario" time="27.156" classname="com.google.runner.TestRunner"/>
  <system-out/>
  <testcase name="runScenario" time="28.554" classname="com.google.runner.TestRunner"/>
  <system-out/>
  <testcase name="runScenario" time="27.148" classname="com.google.runner.TestRunner"/>
  <system-out/>
</testsuite> <!-- com.google.runner.TestRunner -->
