<?xml version="1.0" encoding="UTF-8"?>
<!-- Generated by org.testng.reporters.JUnitReportReporter -->
<testsuite skipped="0" hostname="QAE2PDAKFE" name="com.se.playground.NoonTestPO" tests="2" failures="0" timestamp="2022-06-15T19:09:09 IST" time="15.573" errors="0">
  <testcase name="validLogin" time="12.158" classname="com.se.playground.NoonTestPO"/>
  <system-out/>
  <testcase name="addToCart" time="3.415" classname="com.se.playground.NoonTestPO"/>
  <system-out/>
</testsuite> <!-- com.se.playground.NoonTestPO -->
