<?xml version="1.0" encoding="UTF-8"?>
<!-- Generated by org.testng.reporters.JUnitReportReporter -->
<testsuite skipped="0" hostname="QAE2PDAKFE" name="com.se.playground.GoogleTestTestPo" tests="1" failures="0" timestamp="2022-06-07T15:08:53 IST" time="3.530" errors="0">
  <testcase name="seachGoogle" time="3.530" classname="com.se.playground.GoogleTestTestPo"/>
  <system-out/>
</testsuite> <!-- com.se.playground.GoogleTestTestPo -->
