<?xml version="1.0" encoding="UTF-8"?>
<!-- Generated by org.testng.reporters.JUnitReportReporter -->
<testsuite skipped="0" hostname="QAE2PDAKFE" name="com.se.playground.GoogleTest" tests="1" failures="0" timestamp="2022-05-23T23:02:12 IST" time="11.540" errors="0">
  <testcase name="login" time="11.540" classname="com.se.playground.GoogleTest"/>
  <system-out/>
</testsuite> <!-- com.se.playground.GoogleTest -->
